<?xml version="1.0" encoding="UTF-8"?>
<!-- Generated by org.testng.reporters.JUnitReportReporter -->
<testsuite hostname="dell" failures="0" tests="1" name="workingwithunittestingtool.Group" time="15.275" errors="0" timestamp="2024-03-08T16:38:31 IST" skipped="0">
  <testcase classname="workingwithunittestingtool.Group" name="samsung" time="15.275"/>
  <system-out/>
</testsuite> <!-- workingwithunittestingtool.Group -->
