<?xml version="1.0" encoding="UTF-8"?>
<!-- Generated by org.testng.reporters.JUnitReportReporter -->
<testsuite hostname="dell" failures="0" tests="1" name="testScript.ToRunHersheys" time="112.448" errors="0" timestamp="2024-03-13T15:12:08 IST" skipped="0">
  <testcase classname="testScript.ToRunHersheys" name="hersheys" time="112.448"/>
  <system-out/>
</testsuite> <!-- testScript.ToRunHersheys -->
