<?xml version="1.0" encoding="UTF-8"?>
<!-- Generated by org.testng.reporters.JUnitReportReporter -->
<testsuite hostname="dell" failures="0" tests="3" name="workingwithunittestingtool.workingwithChronologicalorder" time="0.037" errors="0" timestamp="2024-03-08T16:57:03 IST" skipped="0">
  <testcase classname="workingwithunittestingtool.workingwithChronologicalorder" name="test3" time="0.008"/>
  <system-out/>
  <testcase classname="workingwithunittestingtool.workingwithChronologicalorder" name="test2" time="0.011"/>
  <system-out/>
  <testcase classname="workingwithunittestingtool.workingwithChronologicalorder" name="test1" time="0.018"/>
  <system-out/>
</testsuite> <!-- workingwithunittestingtool.workingwithChronologicalorder -->
