<?xml version="1.0" encoding="UTF-8"?>
<!-- Generated by org.testng.reporters.JUnitReportReporter -->
<testsuite hostname="dell" failures="0" tests="1" name="testScript.ToRunRenault" time="18.934" errors="0" timestamp="2024-03-13T15:12:08 IST" skipped="0">
  <testcase classname="testScript.ToRunRenault" name="Renault" time="18.934"/>
  <system-out/>
</testsuite> <!-- testScript.ToRunRenault -->
