<?xml version="1.0" encoding="UTF-8"?>
<!-- Generated by org.testng.reporters.JUnitReportReporter -->
<testsuite hostname="dell" failures="0" tests="2" name="workingwithunittestingtool.workingwithdataprovider" time="0.015" errors="0" timestamp="2024-03-16T15:49:52 IST" skipped="0">
  <testcase classname="workingwithunittestingtool.workingwithdataprovider" name="dataDemo" time="0.002"/>
  <system-out/>
  <testcase classname="workingwithunittestingtool.workingwithdataprovider" name="dataDemo" time="0.013"/>
  <system-out/>
</testsuite> <!-- workingwithunittestingtool.workingwithdataprovider -->
