<?xml version="1.0" encoding="UTF-8"?>
<!-- Generated by org.testng.reporters.JUnitReportReporter -->
<testsuite hostname="dell" failures="0" tests="3" name="workingwithunittestingtool.workingwithDependGroup" time="108.572" errors="0" timestamp="2024-03-08T16:38:31 IST" skipped="0">
  <testcase classname="workingwithunittestingtool.workingwithDependGroup" name="samsung" time="29.547"/>
  <system-out/>
  <testcase classname="workingwithunittestingtool.workingwithDependGroup" name="motorola" time="57.543"/>
  <system-out/>
  <testcase classname="workingwithunittestingtool.workingwithDependGroup" name="oppo" time="21.482"/>
  <system-out/>
</testsuite> <!-- workingwithunittestingtool.workingwithDependGroup -->
