<?xml version="1.0" encoding="UTF-8"?>
<!-- Generated by org.testng.reporters.JUnitReportReporter -->
<testsuite hostname="dell" failures="0" tests="6" name="workingwithunittestingtool.workingwithpriority" time="0.058" errors="0" timestamp="2024-03-06T16:22:25 IST" skipped="0">
  <testcase classname="workingwithunittestingtool.workingwithpriority" name="addtocart" time="0.023"/>
  <system-out/>
  <testcase classname="workingwithunittestingtool.workingwithpriority" name="register" time="0.008"/>
  <system-out/>
  <testcase classname="workingwithunittestingtool.workingwithpriority" name="login" time="0.011"/>
  <system-out/>
  <testcase classname="workingwithunittestingtool.workingwithpriority" name="searchproduct" time="0.005"/>
  <system-out/>
  <testcase classname="workingwithunittestingtool.workingwithpriority" name="payment" time="0.006"/>
  <system-out/>
  <testcase classname="workingwithunittestingtool.workingwithpriority" name="closetheapp" time="0.005"/>
  <system-out/>
</testsuite> <!-- workingwithunittestingtool.workingwithpriority -->
