<?xml version="1.0" encoding="UTF-8"?>
<!-- Generated by org.testng.reporters.JUnitReportReporter -->
<testsuite hostname="dell" failures="0" tests="1" name="testScript.ToRunAmul" time="56.388" errors="0" timestamp="2024-03-13T15:12:08 IST" skipped="0">
  <testcase classname="testScript.ToRunAmul" name="Amul" time="56.388"/>
  <system-out/>
</testsuite> <!-- testScript.ToRunAmul -->
