<?xml version="1.0" encoding="UTF-8"?>
<!-- Generated by org.testng.reporters.JUnitReportReporter -->
<testsuite hostname="dell" failures="0" tests="1" name="testScript.ToRunHyundai" time="40.570" errors="0" timestamp="2024-03-13T15:12:08 IST" skipped="0">
  <testcase classname="testScript.ToRunHyundai" name="Amul" time="40.570"/>
  <system-out/>
</testsuite> <!-- testScript.ToRunHyundai -->
