<?xml version="1.0" encoding="UTF-8"?>
<!-- Generated by org.testng.reporters.JUnitReportReporter -->
<testsuite hostname="dell" failures="0" tests="2" name="workingwithunittestingtool.workingwithdataprovider2" time="0.024" errors="0" timestamp="2024-03-19T16:57:44 IST" skipped="0">
  <testcase classname="workingwithunittestingtool.workingwithdataprovider2" name="detaDemo" time="0.014"/>
  <system-out/>
  <testcase classname="workingwithunittestingtool.workingwithdataprovider2" name="detaDemo" time="0.010"/>
  <system-out/>
</testsuite> <!-- workingwithunittestingtool.workingwithdataprovider2 -->
