<?xml version="1.0" encoding="UTF-8"?>
<!-- Generated by org.testng.reporters.JUnitReportReporter -->
<testsuite hostname="dell" failures="0" tests="1" name="workingwithunittestingtool.workingwithhardassert" time="97.623" errors="0" timestamp="2024-03-13T16:37:41 IST" skipped="0">
  <testcase classname="workingwithunittestingtool.workingwithhardassert" name="login" time="97.623"/>
  <system-out>
    <![CDATA[user is able to open the empty browser
user is able to open maximize browser
user is able to open BMW]]>
  </system-out>
</testsuite> <!-- workingwithunittestingtool.workingwithhardassert -->
