<?xml version="1.0" encoding="UTF-8"?>
<!-- Generated by org.testng.reporters.JUnitReportReporter -->
<testsuite hostname="dell" failures="0" tests="1" name="testScript.ToRuncadbury" time="60.815" errors="0" timestamp="2024-03-13T15:12:08 IST" skipped="0">
  <testcase classname="testScript.ToRuncadbury" name="cadbury" time="60.815"/>
  <system-out/>
</testsuite> <!-- testScript.ToRuncadbury -->
